# JRE version: OpenJDK Runtime Environment (8.0_242-b01) (build 1.8.0_242-release-1644-b01)
# Java VM: OpenJDK 64-Bit Server VM (25.242-b01 mixed mode windows-amd64 compressed oops)
Heap:
 PSYoungGen      total 666112K, used 77891K [0x00000000d5580000, 0x00000000ffc00000, 0x0000000100000000)
  eden space 640512K, 10% used [0x00000000d5580000,0x00000000d9691d48,0x00000000fc700000)
  from space 25600K, 43% used [0x00000000fe300000,0x00000000fedff210,0x00000000ffc00000)
  to   space 27136K, 0% used [0x00000000fc700000,0x00000000fc700000,0x00000000fe180000)
 ParOldGen       total 129536K, used 65795K [0x0000000080000000, 0x0000000087e80000, 0x00000000d5580000)
  object space 129536K, 50% used [0x0000000080000000,0x0000000084040de0,0x0000000087e80000)
 Metaspace       used 97337K, capacity 102298K, committed 102552K, reserved 1138688K
  class space    used 12524K, capacity 13402K, committed 13480K, reserved 1048576K
GC Heap History (10 events):
Event: 335.295 GC heap before
{Heap before GC invocations=28 (full 4):
 PSYoungGen      total 641536K, used 621454K [0x00000000d5580000, 0x00000000ffd80000, 0x0000000100000000)
  eden space 608256K, 100% used [0x00000000d5580000,0x00000000fa780000,0x00000000fa780000)
  from space 33280K, 39% used [0x00000000fa780000,0x00000000fb4638f0,0x00000000fc800000)
  to   space 31744K, 0% used [0x00000000fde80000,0x00000000fde80000,0x00000000ffd80000)
 ParOldGen       total 129536K, used 65779K [0x0000000080000000, 0x0000000087e80000, 0x00000000d5580000)
  object space 129536K, 50% used [0x0000000080000000,0x000000008403cde0,0x0000000087e80000)
 Metaspace       used 96611K, capacity 101546K, committed 101656K, reserved 1138688K
  class space    used 12451K, capacity 13332K, committed 13352K, reserved 1048576K
Event: 335.338 GC heap after
Heap after GC invocations=28 (full 4):
 PSYoungGen      total 664576K, used 5383K [0x00000000d5580000, 0x00000000ffe80000, 0x0000000100000000)
  eden space 632832K, 0% used [0x00000000d5580000,0x00000000d5580000,0x00000000fbf80000)
  from space 31744K, 16% used [0x00000000fde80000,0x00000000fe3c1f50,0x00000000ffd80000)
  to   space 31744K, 0% used [0x00000000fbf80000,0x00000000fbf80000,0x00000000fde80000)
 ParOldGen       total 129536K, used 65779K [0x0000000080000000, 0x0000000087e80000, 0x00000000d5580000)
  object space 129536K, 50% used [0x0000000080000000,0x000000008403cde0,0x0000000087e80000)
 Metaspace       used 96611K, capacity 101546K, committed 101656K, reserved 1138688K
  class space    used 12451K, capacity 13332K, committed 13352K, reserved 1048576K
}
Event: 347.143 GC heap before
{Heap before GC invocations=29 (full 4):
 PSYoungGen      total 664576K, used 638215K [0x00000000d5580000, 0x00000000ffe80000, 0x0000000100000000)
  eden space 632832K, 100% used [0x00000000d5580000,0x00000000fbf80000,0x00000000fbf80000)
  from space 31744K, 16% used [0x00000000fde80000,0x00000000fe3c1f50,0x00000000ffd80000)
  to   space 31744K, 0% used [0x00000000fbf80000,0x00000000fbf80000,0x00000000fde80000)
 ParOldGen       total 129536K, used 65779K [0x0000000080000000, 0x0000000087e80000, 0x00000000d5580000)
  object space 129536K, 50% used [0x0000000080000000,0x000000008403cde0,0x0000000087e80000)
 Metaspace       used 96640K, capacity 101550K, committed 101656K, reserved 1138688K
  class space    used 12452K, capacity 13332K, committed 13352K, reserved 1048576K
Event: 347.202 GC heap after
Heap after GC invocations=29 (full 4):
 PSYoungGen      total 664576K, used 6966K [0x00000000d5580000, 0x00000000fff00000, 0x0000000100000000)
  eden space 632832K, 0% used [0x00000000d5580000,0x00000000d5580000,0x00000000fbf80000)
  from space 31744K, 21% used [0x00000000fbf80000,0x00000000fc64dac0,0x00000000fde80000)
  to   space 31232K, 0% used [0x00000000fe080000,0x00000000fe080000,0x00000000fff00000)
 ParOldGen       total 129536K, used 65787K [0x0000000080000000, 0x0000000087e80000, 0x00000000d5580000)
  object space 129536K, 50% used [0x0000000080000000,0x000000008403ede0,0x0000000087e80000)
 Metaspace       used 96640K, capacity 101550K, committed 101656K, reserved 1138688K
  class space    used 12452K, capacity 13332K, committed 13352K, reserved 1048576K
}
Event: 385.332 GC heap before
{Heap before GC invocations=30 (full 4):
 PSYoungGen      total 664576K, used 639798K [0x00000000d5580000, 0x00000000fff00000, 0x0000000100000000)
  eden space 632832K, 100% used [0x00000000d5580000,0x00000000fbf80000,0x00000000fbf80000)
  from space 31744K, 21% used [0x00000000fbf80000,0x00000000fc64dac0,0x00000000fde80000)
  to   space 31232K, 0% used [0x00000000fe080000,0x00000000fe080000,0x00000000fff00000)
 ParOldGen       total 129536K, used 65787K [0x0000000080000000, 0x0000000087e80000, 0x00000000d5580000)
  object space 129536K, 50% used [0x0000000080000000,0x000000008403ede0,0x0000000087e80000)
 Metaspace       used 96679K, capacity 101624K, committed 101656K, reserved 1138688K
  class space    used 12455K, capacity 13333K, committed 13352K, reserved 1048576K
Event: 385.690 GC heap after
Heap after GC invocations=30 (full 4):
 PSYoungGen      total 664576K, used 12027K [0x00000000d5580000, 0x00000000ffc80000, 0x0000000100000000)
  eden space 635904K, 0% used [0x00000000d5580000,0x00000000d5580000,0x00000000fc280000)
  from space 28672K, 41% used [0x00000000fe080000,0x00000000fec3efe8,0x00000000ffc80000)
  to   space 29696K, 0% used [0x00000000fc280000,0x00000000fc280000,0x00000000fdf80000)
 ParOldGen       total 129536K, used 65795K [0x0000000080000000, 0x0000000087e80000, 0x00000000d5580000)
  object space 129536K, 50% used [0x0000000080000000,0x0000000084040de0,0x0000000087e80000)
 Metaspace       used 96679K, capacity 101624K, committed 101656K, reserved 1138688K
  class space    used 12455K, capacity 13333K, committed 13352K, reserved 1048576K
}
Event: 440.097 GC heap before
{Heap before GC invocations=31 (full 4):
 PSYoungGen      total 664576K, used 647931K [0x00000000d5580000, 0x00000000ffc80000, 0x0000000100000000)
  eden space 635904K, 100% used [0x00000000d5580000,0x00000000fc280000,0x00000000fc280000)
  from space 28672K, 41% used [0x00000000fe080000,0x00000000fec3efe8,0x00000000ffc80000)
  to   space 29696K, 0% used [0x00000000fc280000,0x00000000fc280000,0x00000000fdf80000)
 ParOldGen       total 129536K, used 65795K [0x0000000080000000, 0x0000000087e80000, 0x00000000d5580000)
  object space 129536K, 50% used [0x0000000080000000,0x0000000084040de0,0x0000000087e80000)
 Metaspace       used 96711K, capacity 101630K, committed 101656K, reserved 1138688K
  class space    used 12457K, capacity 13334K, committed 13352K, reserved 1048576K
Event: 441.191 GC heap after
Heap after GC invocations=31 (full 4):
 PSYoungGen      total 665600K, used 11323K [0x00000000d5580000, 0x00000000fff00000, 0x0000000100000000)
  eden space 635904K, 0% used [0x00000000d5580000,0x00000000d5580000,0x00000000fc280000)
  from space 29696K, 38% used [0x00000000fc280000,0x00000000fcd8ee88,0x00000000fdf80000)
  to   space 28672K, 0% used [0x00000000fe300000,0x00000000fe300000,0x00000000fff00000)
 ParOldGen       total 129536K, used 65795K [0x0000000080000000, 0x0000000087e80000, 0x00000000d5580000)
  object space 129536K, 50% used [0x0000000080000000,0x0000000084040de0,0x0000000087e80000)
 Metaspace       used 96711K, capacity 101630K, committed 101656K, reserved 1138688K
  class space    used 12457K, capacity 13334K, committed 13352K, reserved 1048576K
}
Event: 510.425 GC heap before
{Heap before GC invocations=32 (full 4):
 PSYoungGen      total 665600K, used 646925K [0x00000000d5580000, 0x00000000fff00000, 0x0000000100000000)
  eden space 635904K, 99% used [0x00000000d5580000,0x00000000fc234650,0x00000000fc280000)
  from space 29696K, 38% used [0x00000000fc280000,0x00000000fcd8ee88,0x00000000fdf80000)
  to   space 28672K, 0% used [0x00000000fe300000,0x00000000fe300000,0x00000000fff00000)
 ParOldGen       total 129536K, used 65795K [0x0000000080000000, 0x0000000087e80000, 0x00000000d5580000)
  object space 129536K, 50% used [0x0000000080000000,0x0000000084040de0,0x0000000087e80000)
 Metaspace       used 96964K, capacity 101872K, committed 101912K, reserved 1138688K
  class space    used 12490K, capacity 13343K, committed 13352K, reserved 1048576K
Event: 512.269 GC heap after
Heap after GC invocations=32 (full 4):
 PSYoungGen      total 666112K, used 11260K [0x00000000d5580000, 0x00000000ffc00000, 0x0000000100000000)
  eden space 640512K, 0% used [0x00000000d5580000,0x00000000d5580000,0x00000000fc700000)
  from space 25600K, 43% used [0x00000000fe300000,0x00000000fedff210,0x00000000ffc00000)
  to   space 27136K, 0% used [0x00000000fc700000,0x00000000fc700000,0x00000000fe180000)
 ParOldGen       total 129536K, used 65795K [0x0000000080000000, 0x0000000087e80000, 0x00000000d5580000)
  object space 129536K, 50% used [0x0000000080000000,0x0000000084040de0,0x0000000087e80000)
 Metaspace       used 96964K, capacity 101872K, committed 101912K, reserved 1138688K
  class space    used 12490K, capacity 13343K, committed 13352K, reserved 1048576K
}

